{
"contracts\\CampusCoin.sol":{"l":{"16":26,"17":26,"18":26,"22":9,"23":8,"27":2,"31":3,"35":1,"40":8},"path":"D:\\Semester 6\\Blockchain\\Tugas Kelompok (AGENT.md)\\campus-blockchain-chat-main\\contracts\\contracts\\CampusCoin.sol","s":{"1":26,"2":26,"3":26,"4":9,"5":8,"6":2,"7":3,"8":1,"9":8},"b":{"1":[26,0],"2":[9,1],"3":[8,1],"4":[2,1],"5":[3,1],"6":[1,0],"7":[8,3]},"f":{"1":26,"2":9,"3":2,"4":3,"5":1,"6":8},"fnMap":{"1":{"name":"constructor","line":15,"loc":{"start":{"line":15,"column":4},"end":{"line":19,"column":4}}},"2":{"name":"mint","line":21,"loc":{"start":{"line":21,"column":4},"end":{"line":24,"column":4}}},"3":{"name":"burn","line":26,"loc":{"start":{"line":26,"column":4},"end":{"line":28,"column":4}}},"4":{"name":"pause","line":30,"loc":{"start":{"line":30,"column":4},"end":{"line":32,"column":4}}},"5":{"name":"unpause","line":34,"loc":{"start":{"line":34,"column":4},"end":{"line":36,"column":4}}},"6":{"name":"_update","line":39,"loc":{"start":{"line":39,"column":4},"end":{"line":41,"column":4}}}},"statementMap":{"1":{"start":{"line":16,"column":8},"end":{"line":16,"column":60}},"2":{"start":{"line":17,"column":8},"end":{"line":17,"column":44}},"3":{"start":{"line":18,"column":8},"end":{"line":18,"column":37}},"4":{"start":{"line":22,"column":8},"end":{"line":22,"column":80}},"5":{"start":{"line":23,"column":8},"end":{"line":23,"column":24}},"6":{"start":{"line":27,"column":8},"end":{"line":27,"column":26}},"7":{"start":{"line":31,"column":8},"end":{"line":31,"column":15}},"8":{"start":{"line":35,"column":8},"end":{"line":35,"column":17}},"9":{"start":{"line":40,"column":8},"end":{"line":40,"column":37}}},"branchMap":{"1":{"line":16,"type":"if","locations":[{"start":{"line":16,"column":8},"end":{"line":16,"column":8}},{"start":{"line":16,"column":8},"end":{"line":16,"column":8}}]},"2":{"line":21,"type":"if","locations":[{"start":{"line":21,"column":55},"end":{"line":21,"column":55}},{"start":{"line":21,"column":55},"end":{"line":21,"column":55}}]},"3":{"line":22,"type":"if","locations":[{"start":{"line":22,"column":8},"end":{"line":22,"column":8}},{"start":{"line":22,"column":8},"end":{"line":22,"column":8}}]},"4":{"line":26,"type":"if","locations":[{"start":{"line":26,"column":57},"end":{"line":26,"column":57}},{"start":{"line":26,"column":57},"end":{"line":26,"column":57}}]},"5":{"line":30,"type":"if","locations":[{"start":{"line":30,"column":30},"end":{"line":30,"column":30}},{"start":{"line":30,"column":30},"end":{"line":30,"column":30}}]},"6":{"line":34,"type":"if","locations":[{"start":{"line":34,"column":32},"end":{"line":34,"column":32}},{"start":{"line":34,"column":32},"end":{"line":34,"column":32}}]},"7":{"line":39,"type":"if","locations":[{"start":{"line":39,"column":87},"end":{"line":39,"column":87}},{"start":{"line":39,"column":87},"end":{"line":39,"column":87}}]}}},
"contracts\\interfaces\\ICampusCoin.sol":{"l":{},"path":"D:\\Semester 6\\Blockchain\\Tugas Kelompok (AGENT.md)\\campus-blockchain-chat-main\\contracts\\contracts\\interfaces\\ICampusCoin.sol","s":{},"b":{},"f":{},"fnMap":{},"statementMap":{},"branchMap":{}},
"contracts\\interfaces\\IRewardManager.sol":{"l":{},"path":"D:\\Semester 6\\Blockchain\\Tugas Kelompok (AGENT.md)\\campus-blockchain-chat-main\\contracts\\contracts\\interfaces\\IRewardManager.sol","s":{},"b":{},"f":{},"fnMap":{},"statementMap":{},"branchMap":{}},
"contracts\\interfaces\\IWhitelist.sol":{"l":{},"path":"D:\\Semester 6\\Blockchain\\Tugas Kelompok (AGENT.md)\\campus-blockchain-chat-main\\contracts\\contracts\\interfaces\\IWhitelist.sol","s":{},"b":{},"f":{},"fnMap":{},"statementMap":{},"branchMap":{}},
"contracts\\RewardManager.sol":{"l":{"28":18,"29":17,"30":16,"32":15,"33":15,"35":15,"36":15,"39":15,"40":15,"41":15,"42":15,"43":15,"44":15,"52":27,"54":26,"55":26,"58":26,"59":26,"63":24,"64":22,"65":21,"69":23,"72":23,"74":23,"78":2,"79":2,"81":1,"82":1,"84":1,"88":4,"92":1,"93":1,"108":1,"109":1},"path":"D:\\Semester 6\\Blockchain\\Tugas Kelompok (AGENT.md)\\campus-blockchain-chat-main\\contracts\\contracts\\RewardManager.sol","s":{"1":18,"2":17,"3":16,"4":15,"5":15,"6":27,"7":26,"8":26,"9":26,"10":26,"11":24,"12":22,"13":23,"14":2,"15":2,"16":1,"17":1,"18":4,"19":1,"20":1,"21":1},"b":{"1":[17,1],"2":[16,1],"3":[15,1],"4":[27,1],"5":[26,1],"6":[26,0],"7":[24,2],"8":[22,2],"9":[21,1],"10":[1,1],"11":[1,1]},"f":{"1":18,"2":27,"3":2,"4":4,"5":1,"6":1},"fnMap":{"1":{"name":"constructor","line":27,"loc":{"start":{"line":27,"column":4},"end":{"line":45,"column":4}}},"2":{"name":"rewardContribution","line":51,"loc":{"start":{"line":47,"column":4},"end":{"line":75,"column":4}}},"3":{"name":"claimDailyRewards","line":77,"loc":{"start":{"line":77,"column":4},"end":{"line":85,"column":4}}},"4":{"name":"getRewardBalance","line":87,"loc":{"start":{"line":87,"column":4},"end":{"line":89,"column":4}}},"5":{"name":"getDailyStats","line":91,"loc":{"start":{"line":91,"column":4},"end":{"line":100,"column":4}}},"6":{"name":"setActionConfig","line":107,"loc":{"start":{"line":102,"column":4},"end":{"line":110,"column":4}}}},"statementMap":{"1":{"start":{"line":28,"column":8},"end":{"line":28,"column":60}},"2":{"start":{"line":29,"column":8},"end":{"line":29,"column":65}},"3":{"start":{"line":30,"column":8},"end":{"line":30,"column":75}},"4":{"start":{"line":32,"column":8},"end":{"line":32,"column":44}},"5":{"start":{"line":33,"column":8},"end":{"line":33,"column":36}},"6":{"start":{"line":52,"column":8},"end":{"line":52,"column":79}},"7":{"start":{"line":54,"column":8},"end":{"line":54,"column":58}},"8":{"start":{"line":55,"column":8},"end":{"line":55,"column":53}},"9":{"start":{"line":58,"column":8},"end":{"line":58,"column":2420}},"10":{"start":{"line":59,"column":12},"end":{"line":59,"column":117}},"11":{"start":{"line":63,"column":8},"end":{"line":63,"column":2630}},"12":{"start":{"line":64,"column":12},"end":{"line":64,"column":117}},"13":{"start":{"line":74,"column":8},"end":{"line":74,"column":81}},"14":{"start":{"line":78,"column":8},"end":{"line":78,"column":48}},"15":{"start":{"line":79,"column":8},"end":{"line":79,"column":49}},"16":{"start":{"line":82,"column":8},"end":{"line":82,"column":36}},"17":{"start":{"line":84,"column":8},"end":{"line":84,"column":41}},"18":{"start":{"line":88,"column":8},"end":{"line":88,"column":38}},"19":{"start":{"line":92,"column":8},"end":{"line":92,"column":35}},"20":{"start":{"line":93,"column":8},"end":{"line":93,"column":3677}},"21":{"start":{"line":109,"column":8},"end":{"line":109,"column":75}}},"branchMap":{"1":{"line":28,"type":"if","locations":[{"start":{"line":28,"column":8},"end":{"line":28,"column":8}},{"start":{"line":28,"column":8},"end":{"line":28,"column":8}}]},"2":{"line":29,"type":"if","locations":[{"start":{"line":29,"column":8},"end":{"line":29,"column":8}},{"start":{"line":29,"column":8},"end":{"line":29,"column":8}}]},"3":{"line":30,"type":"if","locations":[{"start":{"line":30,"column":8},"end":{"line":30,"column":8}},{"start":{"line":30,"column":8},"end":{"line":30,"column":8}}]},"4":{"line":51,"type":"if","locations":[{"start":{"line":51,"column":15},"end":{"line":51,"column":15}},{"start":{"line":51,"column":15},"end":{"line":51,"column":15}}]},"5":{"line":52,"type":"if","locations":[{"start":{"line":52,"column":8},"end":{"line":52,"column":8}},{"start":{"line":52,"column":8},"end":{"line":52,"column":8}}]},"6":{"line":58,"type":"if","locations":[{"start":{"line":58,"column":8},"end":{"line":58,"column":8}},{"start":{"line":58,"column":8},"end":{"line":58,"column":8}}]},"7":{"line":59,"type":"if","locations":[{"start":{"line":59,"column":12},"end":{"line":59,"column":12}},{"start":{"line":59,"column":12},"end":{"line":59,"column":12}}]},"8":{"line":63,"type":"if","locations":[{"start":{"line":63,"column":8},"end":{"line":63,"column":8}},{"start":{"line":63,"column":8},"end":{"line":63,"column":8}}]},"9":{"line":64,"type":"if","locations":[{"start":{"line":64,"column":12},"end":{"line":64,"column":12}},{"start":{"line":64,"column":12},"end":{"line":64,"column":12}}]},"10":{"line":79,"type":"if","locations":[{"start":{"line":79,"column":8},"end":{"line":79,"column":8}},{"start":{"line":79,"column":8},"end":{"line":79,"column":8}}]},"11":{"line":107,"type":"if","locations":[{"start":{"line":107,"column":15},"end":{"line":107,"column":15}},{"start":{"line":107,"column":15},"end":{"line":107,"column":15}}]}}},
"contracts\\Whitelist.sol":{"l":{"14":26,"15":26,"16":26,"20":40,"21":39,"23":38,"24":1,"26":37,"27":1,"30":36,"34":36,"36":36,"40":2,"41":1,"43":1,"45":1,"46":1,"48":1,"52":29,"56":2,"57":1},"path":"D:\\Semester 6\\Blockchain\\Tugas Kelompok (AGENT.md)\\campus-blockchain-chat-main\\contracts\\contracts\\Whitelist.sol","s":{"1":26,"2":26,"3":26,"4":40,"5":39,"6":38,"7":1,"8":37,"9":1,"10":36,"11":2,"12":1,"13":1,"14":1,"15":29,"16":2,"17":1},"b":{"1":[26,0],"2":[40,1],"3":[39,1],"4":[38,1],"5":[1,37],"6":[1,36],"7":[2,1],"8":[1,1],"9":[1,1]},"f":{"1":26,"2":40,"3":2,"4":29,"5":2},"fnMap":{"1":{"name":"constructor","line":13,"loc":{"start":{"line":13,"column":4},"end":{"line":17,"column":4}}},"2":{"name":"addToWhitelist","line":19,"loc":{"start":{"line":19,"column":4},"end":{"line":37,"column":4}}},"3":{"name":"removeFromWhitelist","line":39,"loc":{"start":{"line":39,"column":4},"end":{"line":49,"column":4}}},"4":{"name":"isWhitelisted","line":51,"loc":{"start":{"line":51,"column":4},"end":{"line":53,"column":4}}},"5":{"name":"getStudentInfo","line":55,"loc":{"start":{"line":55,"column":4},"end":{"line":58,"column":4}}}},"statementMap":{"1":{"start":{"line":14,"column":8},"end":{"line":14,"column":60}},"2":{"start":{"line":15,"column":8},"end":{"line":15,"column":44}},"3":{"start":{"line":16,"column":8},"end":{"line":16,"column":36}},"4":{"start":{"line":20,"column":8},"end":{"line":20,"column":62}},"5":{"start":{"line":21,"column":8},"end":{"line":21,"column":60}},"6":{"start":{"line":23,"column":8},"end":{"line":23,"column":822}},"7":{"start":{"line":24,"column":12},"end":{"line":24,"column":47}},"8":{"start":{"line":26,"column":8},"end":{"line":26,"column":929}},"9":{"start":{"line":27,"column":12},"end":{"line":27,"column":43}},"10":{"start":{"line":36,"column":8},"end":{"line":36,"column":37}},"11":{"start":{"line":40,"column":8},"end":{"line":40,"column":1305}},"12":{"start":{"line":41,"column":12},"end":{"line":41,"column":43}},"13":{"start":{"line":43,"column":8},"end":{"line":43,"column":49}},"14":{"start":{"line":48,"column":8},"end":{"line":48,"column":42}},"15":{"start":{"line":52,"column":8},"end":{"line":52,"column":46}},"16":{"start":{"line":56,"column":8},"end":{"line":56,"column":73}},"17":{"start":{"line":57,"column":8},"end":{"line":57,"column":32}}},"branchMap":{"1":{"line":14,"type":"if","locations":[{"start":{"line":14,"column":8},"end":{"line":14,"column":8}},{"start":{"line":14,"column":8},"end":{"line":14,"column":8}}]},"2":{"line":19,"type":"if","locations":[{"start":{"line":19,"column":74},"end":{"line":19,"column":74}},{"start":{"line":19,"column":74},"end":{"line":19,"column":74}}]},"3":{"line":20,"type":"if","locations":[{"start":{"line":20,"column":8},"end":{"line":20,"column":8}},{"start":{"line":20,"column":8},"end":{"line":20,"column":8}}]},"4":{"line":21,"type":"if","locations":[{"start":{"line":21,"column":8},"end":{"line":21,"column":8}},{"start":{"line":21,"column":8},"end":{"line":21,"column":8}}]},"5":{"line":23,"type":"if","locations":[{"start":{"line":23,"column":8},"end":{"line":23,"column":8}},{"start":{"line":23,"column":8},"end":{"line":23,"column":8}}]},"6":{"line":26,"type":"if","locations":[{"start":{"line":26,"column":8},"end":{"line":26,"column":8}},{"start":{"line":26,"column":8},"end":{"line":26,"column":8}}]},"7":{"line":39,"type":"if","locations":[{"start":{"line":39,"column":58},"end":{"line":39,"column":58}},{"start":{"line":39,"column":58},"end":{"line":39,"column":58}}]},"8":{"line":40,"type":"if","locations":[{"start":{"line":40,"column":8},"end":{"line":40,"column":8}},{"start":{"line":40,"column":8},"end":{"line":40,"column":8}}]},"9":{"line":56,"type":"if","locations":[{"start":{"line":56,"column":8},"end":{"line":56,"column":8}},{"start":{"line":56,"column":8},"end":{"line":56,"column":8}}]}}}}
