TN:
SF:D:\Semester 6\Blockchain\Tugas Kelompok (AGENT.md)\campus-blockchain-chat-main\contracts\contracts\CampusCoin.sol
FN:15,constructor
FN:21,mint
FN:26,burn
FN:30,pause
FN:34,unpause
FN:39,_update
FNF:6
FNH:6
FNDA:26,constructor
FNDA:9,mint
FNDA:2,burn
FNDA:3,pause
FNDA:1,unpause
FNDA:8,_update
DA:16,26
DA:17,26
DA:18,26
DA:22,9
DA:23,8
DA:27,2
DA:31,3
DA:35,1
DA:40,8
LF:9
LH:9
BRDA:16,1,0,26
BRDA:16,1,1,0
BRDA:21,2,0,9
BRDA:21,2,1,1
BRDA:22,3,0,8
BRDA:22,3,1,1
BRDA:26,4,0,2
BRDA:26,4,1,1
BRDA:30,5,0,3
BRDA:30,5,1,1
BRDA:34,6,0,1
BRDA:34,6,1,0
BRDA:39,7,0,8
BRDA:39,7,1,3
BRF:14
BRH:12
end_of_record
TN:
SF:D:\Semester 6\Blockchain\Tugas Kelompok (AGENT.md)\campus-blockchain-chat-main\contracts\contracts\interfaces\ICampusCoin.sol
FNF:0
FNH:0
LF:0
LH:0
BRF:0
BRH:0
end_of_record
TN:
SF:D:\Semester 6\Blockchain\Tugas Kelompok (AGENT.md)\campus-blockchain-chat-main\contracts\contracts\interfaces\IRewardManager.sol
FNF:0
FNH:0
LF:0
LH:0
BRF:0
BRH:0
end_of_record
TN:
SF:D:\Semester 6\Blockchain\Tugas Kelompok (AGENT.md)\campus-blockchain-chat-main\contracts\contracts\interfaces\IWhitelist.sol
FNF:0
FNH:0
LF:0
LH:0
BRF:0
BRH:0
end_of_record
TN:
SF:D:\Semester 6\Blockchain\Tugas Kelompok (AGENT.md)\campus-blockchain-chat-main\contracts\contracts\RewardManager.sol
FN:27,constructor
FN:51,rewardContribution
FN:77,claimDailyRewards
FN:87,getRewardBalance
FN:91,getDailyStats
FN:107,setActionConfig
FNF:6
FNH:6
FNDA:18,constructor
FNDA:27,rewardContribution
FNDA:2,claimDailyRewards
FNDA:4,getRewardBalance
FNDA:1,getDailyStats
FNDA:1,setActionConfig
DA:28,18
DA:29,17
DA:30,16
DA:32,15
DA:33,15
DA:35,15
DA:36,15
DA:39,15
DA:40,15
DA:41,15
DA:42,15
DA:43,15
DA:44,15
DA:52,27
DA:54,26
DA:55,26
DA:58,26
DA:59,26
DA:63,24
DA:64,22
DA:65,21
DA:69,23
DA:72,23
DA:74,23
DA:78,2
DA:79,2
DA:81,1
DA:82,1
DA:84,1
DA:88,4
DA:92,1
DA:93,1
DA:108,1
DA:109,1
LF:34
LH:34
BRDA:28,1,0,17
BRDA:28,1,1,1
BRDA:29,2,0,16
BRDA:29,2,1,1
BRDA:30,3,0,15
BRDA:30,3,1,1
BRDA:51,4,0,27
BRDA:51,4,1,1
BRDA:52,5,0,26
BRDA:52,5,1,1
BRDA:58,6,0,26
BRDA:58,6,1,0
BRDA:59,7,0,24
BRDA:59,7,1,2
BRDA:63,8,0,22
BRDA:63,8,1,2
BRDA:64,9,0,21
BRDA:64,9,1,1
BRDA:79,10,0,1
BRDA:79,10,1,1
BRDA:107,11,0,1
BRDA:107,11,1,1
BRF:22
BRH:21
end_of_record
TN:
SF:D:\Semester 6\Blockchain\Tugas Kelompok (AGENT.md)\campus-blockchain-chat-main\contracts\contracts\Whitelist.sol
FN:13,constructor
FN:19,addToWhitelist
FN:39,removeFromWhitelist
FN:51,isWhitelisted
FN:55,getStudentInfo
FNF:5
FNH:5
FNDA:26,constructor
FNDA:40,addToWhitelist
FNDA:2,removeFromWhitelist
FNDA:29,isWhitelisted
FNDA:2,getStudentInfo
DA:14,26
DA:15,26
DA:16,26
DA:20,40
DA:21,39
DA:23,38
DA:24,1
DA:26,37
DA:27,1
DA:30,36
DA:34,36
DA:36,36
DA:40,2
DA:41,1
DA:43,1
DA:45,1
DA:46,1
DA:48,1
DA:52,29
DA:56,2
DA:57,1
LF:21
LH:21
BRDA:14,1,0,26
BRDA:14,1,1,0
BRDA:19,2,0,40
BRDA:19,2,1,1
BRDA:20,3,0,39
BRDA:20,3,1,1
BRDA:21,4,0,38
BRDA:21,4,1,1
BRDA:23,5,0,1
BRDA:23,5,1,37
BRDA:26,6,0,1
BRDA:26,6,1,36
BRDA:39,7,0,2
BRDA:39,7,1,1
BRDA:40,8,0,1
BRDA:40,8,1,1
BRDA:56,9,0,1
BRDA:56,9,1,1
BRF:18
BRH:17
end_of_record
